<?xml version="1.0" encoding="UTF-8"?>
<!-- Generated by org.testng.reporters.JUnitReportReporter -->
<testsuite hostname="Suneel" failures="0" tests="1" name="testCases.TC001_AccountRegistrationTest" time="1.604" errors="0" timestamp="2024-05-23T06:43:36 IST" skipped="0">
  <testcase classname="testCases.TC001_AccountRegistrationTest" name="verify_account_registration" time="1.604"/>
</testsuite> <!-- testCases.TC001_AccountRegistrationTest -->
