<?xml version="1.0" encoding="UTF-8"?>
<!-- Generated by org.testng.reporters.JUnitReportReporter -->
<testsuite hostname="Suneel" failures="0" tests="1" name="testCases.TC002_LoginTest" time="1.643" errors="0" timestamp="2024-05-23T08:04:25 IST" skipped="0">
  <testcase classname="testCases.TC002_LoginTest" name="verify_login" time="1.643"/>
</testsuite> <!-- testCases.TC002_LoginTest -->
